#! /usr/bin/vvp
:ivl_version "11.0 (stable)";
:ivl_delay_selection "TYPICAL";
:vpi_time_precision - 12;
:vpi_module "/usr/lib/x86_64-linux-gnu/ivl/system.vpi";
:vpi_module "/usr/lib/x86_64-linux-gnu/ivl/vhdl_sys.vpi";
:vpi_module "/usr/lib/x86_64-linux-gnu/ivl/vhdl_textio.vpi";
:vpi_module "/usr/lib/x86_64-linux-gnu/ivl/v2005_math.vpi";
:vpi_module "/usr/lib/x86_64-linux-gnu/ivl/va_math.vpi";
S_0x561426ac9200 .scope module, "riscv_testbench" "riscv_testbench" 2 5;
 .timescale -9 -12;
P_0x561426ab31f0 .param/l "CLK_FREQ" 0 2 7, +C4<00000001100110111111110011000000>;
v0x561426ae1400_0 .var "clk", 0 0;
v0x561426ae14a0_0 .var "rst", 0 0;
S_0x561426aa3360 .scope module, "cpu" "riscv" 2 11, 3 4 0, S_0x561426ac9200;
 .timescale -9 -12;
    .port_info 0 /INPUT 1 "clk";
    .port_info 1 /INPUT 1 "rst";
P_0x561426ac3540 .param/l "ALU_ADD" 0 3 16, +C4<00000000000000000000000000000000>;
P_0x561426ac3580 .param/l "ALU_AND" 0 3 20, +C4<00000000000000000000000000000100>;
P_0x561426ac35c0 .param/l "ALU_OR" 0 3 19, +C4<00000000000000000000000000000011>;
P_0x561426ac3600 .param/l "ALU_SUB" 0 3 17, +C4<00000000000000000000000000000001>;
P_0x561426ac3640 .param/l "ALU_XOR" 0 3 18, +C4<00000000000000000000000000000010>;
P_0x561426ac3680 .param/l "BOP" 0 3 12, C4<1100011>;
P_0x561426ac36c0 .param/l "IOP" 0 3 10, C4<0010011>;
P_0x561426ac3700 .param/l "JOP" 0 3 14, C4<1101111>;
P_0x561426ac3740 .param/l "ROP" 0 3 9, C4<0110011>;
P_0x561426ac3780 .param/l "SOP" 0 3 11, C4<0100011>;
P_0x561426ac37c0 .param/l "UOP" 0 3 13, C4<0110111>;
v0x561426ae0ee0_1 .array/port v0x561426ae0ee0, 1;
L_0x561426af1550 .functor BUFZ 32, v0x561426ae0ee0_1, C4<00000000000000000000000000000000>, C4<00000000000000000000000000000000>, C4<00000000000000000000000000000000>;
v0x561426ae0ee0_2 .array/port v0x561426ae0ee0, 2;
L_0x561426af15c0 .functor BUFZ 32, v0x561426ae0ee0_2, C4<00000000000000000000000000000000>, C4<00000000000000000000000000000000>, C4<00000000000000000000000000000000>;
v0x561426ae0ee0_3 .array/port v0x561426ae0ee0, 3;
L_0x561426af1660 .functor BUFZ 32, v0x561426ae0ee0_3, C4<00000000000000000000000000000000>, C4<00000000000000000000000000000000>, C4<00000000000000000000000000000000>;
v0x561426ae0ee0_4 .array/port v0x561426ae0ee0, 4;
L_0x561426af1730 .functor BUFZ 32, v0x561426ae0ee0_4, C4<00000000000000000000000000000000>, C4<00000000000000000000000000000000>, C4<00000000000000000000000000000000>;
v0x561426ae0ee0_5 .array/port v0x561426ae0ee0, 5;
L_0x561426af1830 .functor BUFZ 32, v0x561426ae0ee0_5, C4<00000000000000000000000000000000>, C4<00000000000000000000000000000000>, C4<00000000000000000000000000000000>;
v0x561426ae0ee0_6 .array/port v0x561426ae0ee0, 6;
L_0x561426af1900 .functor BUFZ 32, v0x561426ae0ee0_6, C4<00000000000000000000000000000000>, C4<00000000000000000000000000000000>, C4<00000000000000000000000000000000>;
v0x561426ae0ee0_7 .array/port v0x561426ae0ee0, 7;
L_0x561426af1a10 .functor BUFZ 32, v0x561426ae0ee0_7, C4<00000000000000000000000000000000>, C4<00000000000000000000000000000000>, C4<00000000000000000000000000000000>;
v0x561426ae0ee0_8 .array/port v0x561426ae0ee0, 8;
L_0x561426af1ab0 .functor BUFZ 32, v0x561426ae0ee0_8, C4<00000000000000000000000000000000>, C4<00000000000000000000000000000000>, C4<00000000000000000000000000000000>;
v0x561426ae0ee0_9 .array/port v0x561426ae0ee0, 9;
L_0x561426af1bd0 .functor BUFZ 32, v0x561426ae0ee0_9, C4<00000000000000000000000000000000>, C4<00000000000000000000000000000000>, C4<00000000000000000000000000000000>;
v0x561426ae0ee0_10 .array/port v0x561426ae0ee0, 10;
L_0x561426af1ca0 .functor BUFZ 32, v0x561426ae0ee0_10, C4<00000000000000000000000000000000>, C4<00000000000000000000000000000000>, C4<00000000000000000000000000000000>;
v0x561426ae0ee0_11 .array/port v0x561426ae0ee0, 11;
L_0x561426af1dd0 .functor BUFZ 32, v0x561426ae0ee0_11, C4<00000000000000000000000000000000>, C4<00000000000000000000000000000000>, C4<00000000000000000000000000000000>;
v0x561426ae0ee0_12 .array/port v0x561426ae0ee0, 12;
L_0x561426af1ea0 .functor BUFZ 32, v0x561426ae0ee0_12, C4<00000000000000000000000000000000>, C4<00000000000000000000000000000000>, C4<00000000000000000000000000000000>;
v0x561426ae0ee0_13 .array/port v0x561426ae0ee0, 13;
L_0x561426af1fe0 .functor BUFZ 32, v0x561426ae0ee0_13, C4<00000000000000000000000000000000>, C4<00000000000000000000000000000000>, C4<00000000000000000000000000000000>;
v0x561426ae0ee0_14 .array/port v0x561426ae0ee0, 14;
L_0x561426af20b0 .functor BUFZ 32, v0x561426ae0ee0_14, C4<00000000000000000000000000000000>, C4<00000000000000000000000000000000>, C4<00000000000000000000000000000000>;
v0x561426ae0ee0_15 .array/port v0x561426ae0ee0, 15;
L_0x561426af1f70 .functor BUFZ 32, v0x561426ae0ee0_15, C4<00000000000000000000000000000000>, C4<00000000000000000000000000000000>, C4<00000000000000000000000000000000>;
v0x561426ae0ee0_16 .array/port v0x561426ae0ee0, 16;
L_0x561426af2260 .functor BUFZ 32, v0x561426ae0ee0_16, C4<00000000000000000000000000000000>, C4<00000000000000000000000000000000>, C4<00000000000000000000000000000000>;
v0x561426ae0ee0_17 .array/port v0x561426ae0ee0, 17;
L_0x561426af23c0 .functor BUFZ 32, v0x561426ae0ee0_17, C4<00000000000000000000000000000000>, C4<00000000000000000000000000000000>, C4<00000000000000000000000000000000>;
v0x561426ae0ee0_28 .array/port v0x561426ae0ee0, 28;
L_0x561426af2490 .functor BUFZ 32, v0x561426ae0ee0_28, C4<00000000000000000000000000000000>, C4<00000000000000000000000000000000>, C4<00000000000000000000000000000000>;
v0x561426ae0ee0_19 .array/port v0x561426ae0ee0, 19;
L_0x561426af2600 .functor BUFZ 32, v0x561426ae0ee0_19, C4<00000000000000000000000000000000>, C4<00000000000000000000000000000000>, C4<00000000000000000000000000000000>;
v0x561426ae0ee0_20 .array/port v0x561426ae0ee0, 20;
L_0x561426af26d0 .functor BUFZ 32, v0x561426ae0ee0_20, C4<00000000000000000000000000000000>, C4<00000000000000000000000000000000>, C4<00000000000000000000000000000000>;
v0x561426ae0ee0_21 .array/port v0x561426ae0ee0, 21;
L_0x561426af2850 .functor BUFZ 32, v0x561426ae0ee0_21, C4<00000000000000000000000000000000>, C4<00000000000000000000000000000000>, C4<00000000000000000000000000000000>;
v0x561426ae0ee0_22 .array/port v0x561426ae0ee0, 22;
L_0x561426af2920 .functor BUFZ 32, v0x561426ae0ee0_22, C4<00000000000000000000000000000000>, C4<00000000000000000000000000000000>, C4<00000000000000000000000000000000>;
v0x561426ae0ee0_23 .array/port v0x561426ae0ee0, 23;
L_0x561426af2ab0 .functor BUFZ 32, v0x561426ae0ee0_23, C4<00000000000000000000000000000000>, C4<00000000000000000000000000000000>, C4<00000000000000000000000000000000>;
v0x561426ae0ee0_24 .array/port v0x561426ae0ee0, 24;
L_0x561426af2b80 .functor BUFZ 32, v0x561426ae0ee0_24, C4<00000000000000000000000000000000>, C4<00000000000000000000000000000000>, C4<00000000000000000000000000000000>;
v0x561426ae0ee0_25 .array/port v0x561426ae0ee0, 25;
L_0x561426af2d20 .functor BUFZ 32, v0x561426ae0ee0_25, C4<00000000000000000000000000000000>, C4<00000000000000000000000000000000>, C4<00000000000000000000000000000000>;
v0x561426ae0ee0_26 .array/port v0x561426ae0ee0, 26;
L_0x561426af2df0 .functor BUFZ 32, v0x561426ae0ee0_26, C4<00000000000000000000000000000000>, C4<00000000000000000000000000000000>, C4<00000000000000000000000000000000>;
v0x561426ae0ee0_27 .array/port v0x561426ae0ee0, 27;
L_0x561426af2fa0 .functor BUFZ 32, v0x561426ae0ee0_27, C4<00000000000000000000000000000000>, C4<00000000000000000000000000000000>, C4<00000000000000000000000000000000>;
L_0x561426af3070 .functor BUFZ 32, v0x561426ae0ee0_28, C4<00000000000000000000000000000000>, C4<00000000000000000000000000000000>, C4<00000000000000000000000000000000>;
v0x561426ae0ee0_29 .array/port v0x561426ae0ee0, 29;
L_0x561426af3200 .functor BUFZ 32, v0x561426ae0ee0_29, C4<00000000000000000000000000000000>, C4<00000000000000000000000000000000>, C4<00000000000000000000000000000000>;
v0x561426ae0ee0_30 .array/port v0x561426ae0ee0, 30;
L_0x561426af32a0 .functor BUFZ 32, v0x561426ae0ee0_30, C4<00000000000000000000000000000000>, C4<00000000000000000000000000000000>, C4<00000000000000000000000000000000>;
v0x561426ae0ee0_31 .array/port v0x561426ae0ee0, 31;
L_0x561426af3470 .functor BUFZ 32, v0x561426ae0ee0_31, C4<00000000000000000000000000000000>, C4<00000000000000000000000000000000>, C4<00000000000000000000000000000000>;
v0x561426a7c700_0 .net "clk", 0 0, v0x561426ae1400_0;  1 drivers
v0x561426ab4c10_0 .net "funct3_", 2 0, L_0x561426af3810;  1 drivers
v0x561426ab5370_0 .net "funct7_", 6 0, L_0x561426af38e0;  1 drivers
v0x561426ab51f0_0 .var "ir", 31 0;
v0x561426ab54f0_0 .net "opcode_", 6 0, L_0x561426af2560;  1 drivers
v0x561426ab5070_0 .net "rd_", 4 0, L_0x561426af35a0;  1 drivers
v0x561426ac3df0_0 .net "rs1_", 4 0, L_0x561426af3670;  1 drivers
v0x561426ae0880_0 .net "rs2_", 4 0, L_0x561426af3710;  1 drivers
v0x561426ae0960_0 .net "rst", 0 0, v0x561426ae14a0_0;  1 drivers
L_0x7f7724136018 .functor BUFT 1, C4<00000000000000000000000000000000>, C4<0>, C4<0>, C4<0>;
v0x561426ae0a20 .array "x", 0 31;
v0x561426ae0a20_0 .net v0x561426ae0a20 0, 31 0, L_0x7f7724136018; 1 drivers
v0x561426ae0a20_1 .net v0x561426ae0a20 1, 31 0, L_0x561426af1550; 1 drivers
v0x561426ae0a20_2 .net v0x561426ae0a20 2, 31 0, L_0x561426af15c0; 1 drivers
v0x561426ae0a20_3 .net v0x561426ae0a20 3, 31 0, L_0x561426af1660; 1 drivers
v0x561426ae0a20_4 .net v0x561426ae0a20 4, 31 0, L_0x561426af1730; 1 drivers
v0x561426ae0a20_5 .net v0x561426ae0a20 5, 31 0, L_0x561426af1830; 1 drivers
v0x561426ae0a20_6 .net v0x561426ae0a20 6, 31 0, L_0x561426af1900; 1 drivers
v0x561426ae0a20_7 .net v0x561426ae0a20 7, 31 0, L_0x561426af1a10; 1 drivers
v0x561426ae0a20_8 .net v0x561426ae0a20 8, 31 0, L_0x561426af1ab0; 1 drivers
v0x561426ae0a20_9 .net v0x561426ae0a20 9, 31 0, L_0x561426af1bd0; 1 drivers
v0x561426ae0a20_10 .net v0x561426ae0a20 10, 31 0, L_0x561426af1ca0; 1 drivers
v0x561426ae0a20_11 .net v0x561426ae0a20 11, 31 0, L_0x561426af1dd0; 1 drivers
v0x561426ae0a20_12 .net v0x561426ae0a20 12, 31 0, L_0x561426af1ea0; 1 drivers
v0x561426ae0a20_13 .net v0x561426ae0a20 13, 31 0, L_0x561426af1fe0; 1 drivers
v0x561426ae0a20_14 .net v0x561426ae0a20 14, 31 0, L_0x561426af20b0; 1 drivers
v0x561426ae0a20_15 .net v0x561426ae0a20 15, 31 0, L_0x561426af1f70; 1 drivers
v0x561426ae0a20_16 .net v0x561426ae0a20 16, 31 0, L_0x561426af2260; 1 drivers
v0x561426ae0a20_17 .net v0x561426ae0a20 17, 31 0, L_0x561426af23c0; 1 drivers
v0x561426ae0a20_18 .net v0x561426ae0a20 18, 31 0, L_0x561426af2490; 1 drivers
v0x561426ae0a20_19 .net v0x561426ae0a20 19, 31 0, L_0x561426af2600; 1 drivers
v0x561426ae0a20_20 .net v0x561426ae0a20 20, 31 0, L_0x561426af26d0; 1 drivers
v0x561426ae0a20_21 .net v0x561426ae0a20 21, 31 0, L_0x561426af2850; 1 drivers
v0x561426ae0a20_22 .net v0x561426ae0a20 22, 31 0, L_0x561426af2920; 1 drivers
v0x561426ae0a20_23 .net v0x561426ae0a20 23, 31 0, L_0x561426af2ab0; 1 drivers
v0x561426ae0a20_24 .net v0x561426ae0a20 24, 31 0, L_0x561426af2b80; 1 drivers
v0x561426ae0a20_25 .net v0x561426ae0a20 25, 31 0, L_0x561426af2d20; 1 drivers
v0x561426ae0a20_26 .net v0x561426ae0a20 26, 31 0, L_0x561426af2df0; 1 drivers
v0x561426ae0a20_27 .net v0x561426ae0a20 27, 31 0, L_0x561426af2fa0; 1 drivers
v0x561426ae0a20_28 .net v0x561426ae0a20 28, 31 0, L_0x561426af3070; 1 drivers
v0x561426ae0a20_29 .net v0x561426ae0a20 29, 31 0, L_0x561426af3200; 1 drivers
v0x561426ae0a20_30 .net v0x561426ae0a20 30, 31 0, L_0x561426af32a0; 1 drivers
v0x561426ae0a20_31 .net v0x561426ae0a20 31, 31 0, L_0x561426af3470; 1 drivers
v0x561426ae0ee0 .array "xx", 0 31, 31 0;
E_0x561426ab6310/0 .event negedge, v0x561426ae0960_0;
E_0x561426ab6310/1 .event posedge, v0x561426a7c700_0;
E_0x561426ab6310 .event/or E_0x561426ab6310/0, E_0x561426ab6310/1;
L_0x561426af2560 .part v0x561426ab51f0_0, 0, 7;
L_0x561426af35a0 .part v0x561426ab51f0_0, 7, 5;
L_0x561426af3670 .part v0x561426ab51f0_0, 15, 5;
L_0x561426af3710 .part v0x561426ab51f0_0, 20, 5;
L_0x561426af3810 .part v0x561426ab51f0_0, 12, 3;
L_0x561426af38e0 .part v0x561426ab51f0_0, 25, 7;
    .scope S_0x561426aa3360;
T_0 ;
    %pushi/vec4 51, 0, 32;
    %assign/vec4 v0x561426ab51f0_0, 0;
    %end;
    .thread T_0;
    .scope S_0x561426aa3360;
T_1 ;
    %wait E_0x561426ab6310;
    %load/vec4 v0x561426ab54f0_0;
    %dup/vec4;
    %pushi/vec4 51, 0, 7;
    %cmp/u;
    %jmp/1 T_1.0, 6;
    %dup/vec4;
    %pushi/vec4 19, 0, 7;
    %cmp/u;
    %jmp/1 T_1.1, 6;
    %dup/vec4;
    %pushi/vec4 35, 0, 7;
    %cmp/u;
    %jmp/1 T_1.2, 6;
    %dup/vec4;
    %pushi/vec4 99, 0, 7;
    %cmp/u;
    %jmp/1 T_1.3, 6;
    %dup/vec4;
    %pushi/vec4 55, 0, 7;
    %cmp/u;
    %jmp/1 T_1.4, 6;
    %dup/vec4;
    %pushi/vec4 111, 0, 7;
    %cmp/u;
    %jmp/1 T_1.5, 6;
    %jmp T_1.6;
T_1.0 ;
    %load/vec4 v0x561426ab4c10_0;
    %cmpi/e 0, 0, 3;
    %jmp/0xz  T_1.7, 4;
    %vpi_call 3 106 "$display", "add/sub" {0 0 0};
T_1.7 ;
    %jmp T_1.6;
T_1.1 ;
    %jmp T_1.6;
T_1.2 ;
    %jmp T_1.6;
T_1.3 ;
    %jmp T_1.6;
T_1.4 ;
    %jmp T_1.6;
T_1.5 ;
    %jmp T_1.6;
T_1.6 ;
    %pop/vec4 1;
    %jmp T_1;
    .thread T_1;
    .scope S_0x561426ac9200;
T_2 ;
    %delay 1000, 0;
    %load/vec4 v0x561426ae1400_0;
    %inv;
    %store/vec4 v0x561426ae1400_0, 0, 1;
    %jmp T_2;
    .thread T_2;
    .scope S_0x561426ac9200;
T_3 ;
    %vpi_call 2 19 "$dumpfile", "waveform.vcd" {0 0 0};
    %vpi_call 2 20 "$dumpvars", 32'sb00000000000000000000000000000000, S_0x561426aa3360 {0 0 0};
    %end;
    .thread T_3;
# The file index is used to find the file name in the following table.
:file_names 4;
    "N/A";
    "<interactive>";
    "riscv_test.v";
    "./riscv.v";
